1619171874126	geckodriver	INFO	Listening on 127.0.0.1:52594
1619171877165	mozrunner::runner	INFO	Running command: "C:\\Program Files (x86)\\Mozilla Firefox\\firefox.exe" "--marionette" "-foreground" "-no-remote" "-profile" "C:\\Users\\ADMINI~1\\AppData\\Local\\Temp\\rust_mozprofileTlsEWx"
JavaScript error: resource://gre/modules/XULStore.jsm, line 66: Error: Can't find profile directory.
1619171883372	Marionette	INFO	Listening on port 52608
1619171883507	Marionette	WARN	TLS certificate errors will be ignored for this session
1619171883550	geckodriver	INFO	Listening on 127.0.0.1:52642
1619171886594	mozrunner::runner	INFO	Running command: "C:\\Program Files (x86)\\Mozilla Firefox\\firefox.exe" "--marionette" "-foreground" "-no-remote" "-profile" "C:\\Users\\ADMINI~1\\AppData\\Local\\Temp\\rust_mozprofileyDekXi"
JavaScript error: resource://gre/modules/XULStore.jsm, line 66: Error: Can't find profile directory.
1619171888287	Marionette	INFO	Listening on port 52660
1619171888606	Marionette	WARN	TLS certificate errors will be ignored for this session
1619171888639	geckodriver	INFO	Listening on 127.0.0.1:52687
1619171891674	mozrunner::runner	INFO	Running command: "C:\\Program Files (x86)\\Mozilla Firefox\\firefox.exe" "--marionette" "-foreground" "-no-remote" "-profile" "C:\\Users\\ADMINI~1\\AppData\\Local\\Temp\\rust_mozprofilewm4w20"
JavaScript error: resource://gre/modules/XULStore.jsm, line 66: Error: Can't find profile directory.
1619171893039	Marionette	INFO	Listening on port 52707
1619171893187	Marionette	WARN	TLS certificate errors will be ignored for this session
1620284287709	geckodriver	INFO	Listening on 127.0.0.1:65507
1620284290765	mozrunner::runner	INFO	Running command: "C:\\Program Files (x86)\\Mozilla Firefox\\firefox.exe" "--marionette" "-foreground" "-no-remote" "-profile" "C:\\Users\\ADMINI~1\\AppData\\Local\\Temp\\rust_mozprofileCMyIsn"
JavaScript error: resource://gre/modules/XULStore.jsm, line 66: Error: Can't find profile directory.
1620284292297	Marionette	INFO	Listening on port 65517
1620284292772	Marionette	WARN	TLS certificate errors will be ignored for this session
JavaScript error: chrome://marionette/content/proxy.js, line 287: NS_ERROR_NOT_INITIALIZED
1620284306364	Marionette	INFO	Stopped listening on port 65517

###!!! [Child][RunMessage] Error: Channel closing: too late to send/recv, messages will be lost


###!!! [Child][MessageChannel::SendAndWait] Error: Channel error: cannot send/recv

1620284312771	geckodriver	INFO	Listening on 127.0.0.1:49220
1620284315803	mozrunner::runner	INFO	Running command: "C:\\Program Files (x86)\\Mozilla Firefox\\firefox.exe" "--marionette" "-foreground" "-no-remote" "-profile" "C:\\Users\\ADMINI~1\\AppData\\Local\\Temp\\rust_mozprofileLW8xWd"
JavaScript error: resource://gre/modules/XULStore.jsm, line 66: Error: Can't find profile directory.
1620284317180	Marionette	INFO	Listening on port 49231
1620284317316	Marionette	WARN	TLS certificate errors will be ignored for this session
1620284381012	Marionette	INFO	Stopped listening on port 49231

###!!! [Child][RunMessage] Error: Channel closing: too late to send/recv, messages will be lost


###!!! [Child][MessageChannel::SendAndWait] Error: Channel error: cannot send/recv

1620284431794	geckodriver	INFO	Listening on 127.0.0.1:49453
1620284434846	mozrunner::runner	INFO	Running command: "C:\\Program Files (x86)\\Mozilla Firefox\\firefox.exe" "--marionette" "-foreground" "-no-remote" "-profile" "C:\\Users\\ADMINI~1\\AppData\\Local\\Temp\\rust_mozprofilesIAIQG"
JavaScript error: resource://gre/modules/XULStore.jsm, line 66: Error: Can't find profile directory.
1620284436191	Marionette	INFO	Listening on port 49463
1620284436355	Marionette	WARN	TLS certificate errors will be ignored for this session
1620284449042	Marionette	INFO	Stopped listening on port 49463
[Child 55300, Chrome_ChildThread] WARNING: pipe error: 232: file /builds/worker/checkouts/gecko/ipc/chromium/src/chrome/common/ipc_channel_win.cc, line 522

###!!! [Child][MessageChannel::SendAndWait] Error: Channel error: cannot send/recv

1620284486318	geckodriver	INFO	Listening on 127.0.0.1:49569
1620284489370	mozrunner::runner	INFO	Running command: "C:\\Program Files (x86)\\Mozilla Firefox\\firefox.exe" "--marionette" "-foreground" "-no-remote" "-profile" "C:\\Users\\ADMINI~1\\AppData\\Local\\Temp\\rust_mozprofilel82qjc"
JavaScript error: resource://gre/modules/XULStore.jsm, line 66: Error: Can't find profile directory.
1620284490788	Marionette	INFO	Listening on port 49578
1620284490881	Marionette	WARN	TLS certificate errors will be ignored for this session
1620284508069	Marionette	INFO	Stopped listening on port 49578

###!!! [Child][MessageChannel::SendAndWait] Error: Channel error: cannot send/recv

1620284571325	geckodriver	INFO	Listening on 127.0.0.1:49697
1620284574376	mozrunner::runner	INFO	Running command: "C:\\Program Files (x86)\\Mozilla Firefox\\firefox.exe" "--marionette" "-foreground" "-no-remote" "-profile" "C:\\Users\\ADMINI~1\\AppData\\Local\\Temp\\rust_mozprofileZjVKkG"
JavaScript error: resource://gre/modules/XULStore.jsm, line 66: Error: Can't find profile directory.
1620284575739	Marionette	INFO	Listening on port 49707
1620284575889	Marionette	WARN	TLS certificate errors will be ignored for this session
1620284592949	Marionette	INFO	Stopped listening on port 49707

###!!! [Child][RunMessage] Error: Channel closing: too late to send/recv, messages will be lost


###!!! [Child][MessageChannel::SendAndWait] Error: Channel error: cannot send/recv

1620284653122	geckodriver	INFO	Listening on 127.0.0.1:49816
1620284656165	mozrunner::runner	INFO	Running command: "C:\\Program Files (x86)\\Mozilla Firefox\\firefox.exe" "--marionette" "-foreground" "-no-remote" "-profile" "C:\\Users\\ADMINI~1\\AppData\\Local\\Temp\\rust_mozprofileVHKsbd"
JavaScript error: resource://gre/modules/XULStore.jsm, line 66: Error: Can't find profile directory.
1620284657525	Marionette	INFO	Listening on port 49829
1620284657672	Marionette	WARN	TLS certificate errors will be ignored for this session
1620285600506	Marionette	INFO	Stopped listening on port 49829

###!!! [Child][RunMessage] Error: Channel closing: too late to send/recv, messages will be lost


###!!! [Child][MessageChannel::SendAndWait] Error: Channel error: cannot send/recv

\\Local\\Temp\\rust_mozprofile2XqSbw"
JavaScript error: resource://gre/modules/XULStore.jsm, line 66: Error: Can't find profile directory.
1620285314689	Marionette	INFO	Listening on port 50437
1620285314820	Marionette	WARN	TLS certificate errors will be ignored for this session
1620285323283	Marionette	INFO	Stopped listening on port 50437

###!!! [Child][MessageChannel::SendAndWait] Error: Channel error: cannot send/recv

1620285960464	geckodriver	INFO	Listening on 127.0.0.1:50940
1620285963503	mozrunner::runner	INFO	Running command: "C:\\Program Files (x86)\\Mozilla Firefox\\firefox.exe" "--marionette" "-foreground" "-no-remote" "-profile" "C:\\Users\\ADMINI~1\\AppData\\Local\\Temp\\rust_mozprofileh85I2p"
1620285996854	geckodriver	INFO	Listening on 127.0.0.1:50976
1620285999904	mozrunner::runner	INFO	Running command: "C:\\Program Files (x86)\\Mozilla Firefox\\firefox.exe" "--marionette" "-foreground" "-no-remote" "-profile" "C:\\Users\\ADMINI~1\\AppData\\Local\\Temp\\rust_mozprofilefrJiIE"
JavaScript error: resource://gre/modules/XULStore.jsm, line 66: Error: Can't find profile directory.
1620286001283	Marionette	INFO	Listening on port 50985
1620286001412	Marionette	WARN	TLS certificate errors will be ignored for this session
JavaScript error: https://googleads.g.doubleclick.net/pagead/ads?client=ca-pub-4830389020085397&output=html&h=250&slotname=1983604743&adk=2656724884&adf=367891091&pi=t.ma~as.1983604743&w=300&lmt=1620286004&psa=0&format=300x250&url=https%3A%2F%2Fmovie.douban.com%2Ftop250&flash=0&wgl=1&dt=1620286003696&bpp=5&bdt=1819&idt=146&shv=r20210504&cbv=%2Fr20190131&ptt=9&saldr=aa&abxe=1&cookie=ID%3Dc8e9d0c9dcb5619c-22807d97ccc70007%3AT%3D1620286000%3ART%3D1620286000%3AS%3DALNI_MYamIor2pEKNvAV5kBHqHYfJ8J5GA&correlator=3131155320124&frm=20&pv=2&ga_vid=1013439119.1620286003&ga_sid=1620286003&ga_hid=22172124&ga_fc=1&u_tz=480&u_his=1&u_java=0&u_h=1080&u_w=1920&u_ah=1050&u_aw=1920&u_cd=24&u_nplug=0&u_nmime=0&adx=1172&ady=331&biw=1903&bih=948&scr_x=0&scr_y=0&oid=3&pvsid=3814486115116495&pem=825&eae=0&fc=896&brdim=-8%2C-8%2C-8%2C-8%2C1920%2C0%2C1936%2C1066%2C1920%2C948&vis=2&rsz=%7C%7CoeEr%7C&abl=CS&pfx=0&fu=0&bc=29&ifi=1&uci=a!1&xpc=jF65WVnxcQ&p=https%3A//movie.douban.com&dtd=551, line 1: ReferenceError: osdlfm is not defined
1620286449196	Marionette	INFO	Stopped listening on port 50985

###!!! [Child][RunMessage] Error: Channel closing: too late to send/recv, messages will be lost


###!!! [Child][MessageChannel::SendAndWait] Error: Channel error: cannot send/recv

\\Local\\Temp\\rust_mozprofileFLPJY5"
JavaScript error: resource://gre/modules/XULStore.jsm, line 66: Error: Can't find profile directory.
1620286086200	Marionette	INFO	Listening on port 51115
1620286086329	Marionette	WARN	TLS certificate errors will be ignored for this session
JavaScript error: https://googleads.g.doubleclick.net/pagead/ads?client=ca-pub-4830389020085397&output=html&h=250&slotname=1983604743&adk=2656724884&adf=367891091&pi=t.ma~as.1983604743&w=300&lmt=1620286089&psa=0&format=300x250&url=https%3A%2F%2Fmovie.douban.com%2Ftop250&flash=0&wgl=1&dt=1620286088739&bpp=4&bdt=1941&idt=150&shv=r20210504&cbv=%2Fr20190131&ptt=9&saldr=aa&abxe=1&cookie=ID%3D3a80ef20816b0de3-222c0f0cd1c7003a%3AT%3D1620286085%3ART%3D1620286085%3AS%3DALNI_MaHe2TQcg0c9LeldonVltVE-g0jUw&correlator=1845579829518&frm=20&pv=2&ga_vid=465078064.1620286088&ga_sid=1620286088&ga_hid=1833676174&ga_fc=1&u_tz=480&u_his=1&u_java=0&u_h=1080&u_w=1920&u_ah=1050&u_aw=1920&u_cd=24&u_nplug=0&u_nmime=0&adx=1172&ady=331&biw=1903&bih=948&scr_x=0&scr_y=0&eid=21066432%2C31060710&oid=3&pvsid=3395754301896022&pem=194&eae=0&fc=896&brdim=-8%2C-8%2C-8%2C-8%2C1920%2C0%2C1936%2C1066%2C1920%2C948&vis=2&rsz=%7C%7CoeEr%7C&abl=CS&pfx=0&fu=0&bc=29&ifi=1&uci=a!1&xpc=x3Od4e4vzP&p=https%3A//movie.douban.com&dtd=480, line 1: ReferenceError: osdlfm is not defined
1620286450237	Marionette	INFO	Stopped listening on port 51115

###!!! [Child][RunMessage] Error: Channel closing: too late to send/recv, messages will be lost


###!!! [Child][MessageChannel::SendAndWait] Error: Channel error: cannot send/recv

\\Local\\Temp\\rust_mozprofile7sJBUm"
JavaScript error: resource://gre/modules/XULStore.jsm, line 66: Error: Can't find profile directory.
1620286199152	Marionette	INFO	Listening on port 51260
1620286199648	Marionette	WARN	TLS certificate errors will be ignored for this session
JavaScript error: https://googleads.g.doubleclick.net/pagead/ads?client=ca-pub-4830389020085397&output=html&h=250&slotname=1983604743&adk=2656724884&adf=367891091&pi=t.ma~as.1983604743&w=300&lmt=1620286202&psa=0&format=300x250&url=https%3A%2F%2Fmovie.douban.com%2Ftop250&flash=0&wgl=1&dt=1620286201820&bpp=4&bdt=1725&idt=151&shv=r20210504&cbv=%2Fr20190131&ptt=9&saldr=aa&abxe=1&cookie=ID%3D2269974c6dc7bfac-2255553fccc7004d%3AT%3D1620286198%3ART%3D1620286198%3AS%3DALNI_MYMwR6JLdNg8jKEmSgYuEBquViusQ&correlator=2284730104318&frm=20&pv=2&ga_vid=1269461930.1620286201&ga_sid=1620286201&ga_hid=187490489&ga_fc=1&u_tz=480&u_his=1&u_java=0&u_h=1080&u_w=1920&u_ah=1050&u_aw=1920&u_cd=24&u_nplug=0&u_nmime=0&adx=1172&ady=331&biw=1903&bih=948&scr_x=0&scr_y=0&eid=31060840&oid=3&pvsid=576217109225959&pem=872&eae=0&fc=896&brdim=-8%2C-8%2C-8%2C-8%2C1920%2C0%2C1936%2C1066%2C1920%2C948&vis=1&rsz=%7C%7CoeE%7C&abl=CS&pfx=0&fu=0&bc=29&ifi=1&uci=a!1&xpc=8GIYlbPlGX&p=https%3A//movie.douban.com&dtd=546, line 1: ReferenceError: osdlfm is not defined
console.error: "Store does not have a valid reducer. Make sure the argument passed to combineReducers is an object whose values are reducers."
1620288858688	Marionette	INFO	Stopped listening on port 51260

###!!! [Child][RunMessage] Error: Channel closing: too late to send/recv, messages will be lost


###!!! [Child][MessageChannel::SendAndWait] Error: Channel error: cannot send/recv

\\Local\\Temp\\rust_mozprofilebHixgG"
JavaScript error: resource://gre/modules/XULStore.jsm, line 66: Error: Can't find profile directory.
1620286431599	Marionette	INFO	Listening on port 51514
1620286431650	Marionette	WARN	TLS certificate errors will be ignored for this session
JavaScript error: https://googleads.g.doubleclick.net/pagead/ads?client=ca-pub-4830389020085397&output=html&h=250&slotname=1983604743&adk=2656724884&adf=367891091&pi=t.ma~as.1983604743&w=300&lmt=1620286436&psa=0&format=300x250&url=https%3A%2F%2Fmovie.douban.com%2Ftop250&flash=0&wgl=1&dt=1620286435918&bpp=4&bdt=3813&idt=158&shv=r20210504&cbv=%2Fr20190131&ptt=9&saldr=aa&abxe=1&cookie=ID%3Deefca2520547c034-223e6f36cfc7000e%3AT%3D1620286432%3ART%3D1620286432%3AS%3DALNI_MZKfxideI7stQ1BOw3fXA0leWc90A&correlator=1156625647214&frm=20&pv=2&ga_vid=436183958.1620286435&ga_sid=1620286435&ga_hid=1697935707&ga_fc=1&u_tz=480&u_his=1&u_java=0&u_h=1080&u_w=1920&u_ah=1050&u_aw=1920&u_cd=24&u_nplug=0&u_nmime=0&adx=1172&ady=331&biw=1903&bih=948&scr_x=0&scr_y=0&oid=3&pvsid=3163907615078318&pem=194&eae=0&fc=896&brdim=-8%2C-8%2C-8%2C-8%2C1920%2C0%2C1936%2C1066%2C1920%2C948&vis=1&rsz=%7C%7CoeE%7C&abl=CS&pfx=0&fu=0&bc=29&ifi=1&uci=a!1&xpc=MluoLyp43G&p=https%3A//movie.douban.com&dtd=524, line 1: ReferenceError: osdlfm is not defined
1620287847877	Marionette	INFO	Stopped listening on port 51514

###!!! [Child][RunMessage] Error: Channel closing: too late to send/recv, messages will be lost


###!!! [Child][MessageChannel::SendAndWait] Error: Channel error: cannot send/recv

\\Local\\Temp\\rust_mozprofile6BEFnh"
JavaScript error: resource://gre/modules/XULStore.jsm, line 66: Error: Can't find profile directory.
1620286500884	Marionette	INFO	Listening on port 51646
1620286501046	Marionette	WARN	TLS certificate errors will be ignored for this session
JavaScript error: https://googleads.g.doubleclick.net/pagead/ads?client=ca-pub-4830389020085397&output=html&h=250&slotname=1983604743&adk=2656724884&adf=367891091&pi=t.ma~as.1983604743&w=300&lmt=1620286504&psa=0&format=300x250&url=https%3A%2F%2Fmovie.douban.com%2Ftop250&flash=0&wgl=1&dt=1620286504515&bpp=3&bdt=1933&idt=159&shv=r20210504&cbv=%2Fr20190131&ptt=9&saldr=aa&abxe=1&cookie=ID%3D8e9026e7ed53e8b2-22f672afd1c700f4%3AT%3D1620286501%3ART%3D1620286501%3AS%3DALNI_MYrcvtNVux_5kKunDsHWg8ti0jMfg&correlator=1223655655002&frm=20&pv=2&ga_vid=338212213.1620286504&ga_sid=1620286504&ga_hid=1694024466&ga_fc=1&u_tz=480&u_his=1&u_java=0&u_h=1080&u_w=1920&u_ah=1050&u_aw=1920&u_cd=24&u_nplug=0&u_nmime=0&adx=1172&ady=331&biw=1903&bih=948&scr_x=0&scr_y=0&oid=3&pvsid=4288790327745917&pem=992&eae=0&fc=896&brdim=-8%2C-8%2C-8%2C-8%2C1920%2C0%2C1936%2C1066%2C1920%2C948&vis=1&rsz=%7C%7CoeE%7C&abl=CS&pfx=0&fu=0&bc=29&ifi=1&uci=a!1&xpc=PZboOW8c1N&p=https%3A//movie.douban.com&dtd=469, line 1: ReferenceError: osdlfm is not defined
1620286509836	Marionette	INFO	Stopped listening on port 51646

###!!! [Child][MessageChannel::SendAndWait] Error: Channel error: cannot send/recv

1620286529835	geckodriver	INFO	Listening on 127.0.0.1:51753
1620286532875	mozrunner::runner	INFO	Running command: "C:\\Program Files (x86)\\Mozilla Firefox\\firefox.exe" "--marionette" "-foreground" "-no-remote" "-profile" "C:\\Users\\ADMINI~1\\AppData\\Local\\Temp\\rust_mozprofileN9pxi4"
JavaScript error: resource://gre/modules/XULStore.jsm, line 66: Error: Can't find profile directory.
1620286534226	Marionette	INFO	Listening on port 51764
1620286534384	Marionette	WARN	TLS certificate errors will be ignored for this session
JavaScript error: https://googleads.g.doubleclick.net/pagead/ads?client=ca-pub-4830389020085397&output=html&h=250&slotname=1983604743&adk=2656724884&adf=367891091&pi=t.ma~as.1983604743&w=300&lmt=1620286539&psa=0&format=300x250&url=https%3A%2F%2Fmovie.douban.com%2Ftop250&flash=0&wgl=1&dt=1620286538493&bpp=4&bdt=3401&idt=151&shv=r20210504&cbv=%2Fr20190131&ptt=9&saldr=aa&abxe=1&cookie=ID%3Db0f65fefef5f6133-2212b96bd4c70088%3AT%3D1620286534%3ART%3D1620286534%3AS%3DALNI_MbLg0WuibYbOB4Y62bq4sI3q1GFiA&correlator=8232988205998&frm=20&pv=2&ga_vid=604367790.1620286538&ga_sid=1620286538&ga_hid=230675926&ga_fc=1&u_tz=480&u_his=1&u_java=0&u_h=1080&u_w=1920&u_ah=1050&u_aw=1920&u_cd=24&u_nplug=0&u_nmime=0&adx=854&ady=331&biw=1267&bih=876&scr_x=0&scr_y=0&eid=44739992&oid=3&pvsid=2346357216413775&pem=594&eae=0&fc=896&brdim=4%2C4%2C4%2C4%2C1920%2C0%2C1296%2C984%2C1284%2C876&vis=1&rsz=%7C%7CoeE%7C&abl=CS&pfx=0&fu=0&bc=29&ifi=1&uci=a!1&xpc=fbRCwDhS1T&p=https%3A//movie.douban.com&dtd=550, line 1: ReferenceError: osdlfm is not defined
JavaScript error: https://googleads.g.doubleclick.net/pagead/ads?client=ca-pub-4830389020085397&output=html&h=250&slotname=1983604743&adk=2656724884&adf=367891091&pi=t.ma~as.1983604743&w=300&lmt=1620286547&psa=1&format=300x250&url=https%3A%2F%2Fmovie.douban.com%2Ftop250%3Fstart%3D25%26filter%3D&flash=0&wgl=1&dt=1620286547504&bpp=4&bdt=1662&idt=21&shv=r20210504&cbv=%2Fr20190131&ptt=9&saldr=aa&abxe=1&cookie=ID%3Db0f65fefef5f6133-2212b96bd4c70088%3AT%3D1620286534%3ART%3D1620286534%3AS%3DALNI_MbLg0WuibYbOB4Y62bq4sI3q1GFiA&correlator=4306343776345&frm=20&pv=2&ga_vid=604367790.1620286538&ga_sid=1620286538&ga_hid=860614204&ga_fc=1&u_tz=480&u_his=2&u_java=0&u_h=1080&u_w=1920&u_ah=1050&u_aw=1920&u_cd=24&u_nplug=0&u_nmime=0&adx=1172&ady=331&biw=1903&bih=948&scr_x=0&scr_y=0&oid=3&pvsid=2382475185956144&pem=594&ref=https%3A%2F%2Fmovie.douban.com%2Ftop250&eae=0&fc=896&brdim=-8%2C-8%2C-8%2C-8%2C1920%2C0%2C1936%2C1066%2C1920%2C948&vis=2&rsz=%7C%7CoeEr%7C&abl=CS&pfx=0&fu=0&bc=29&ifi=1&uci=a!1&xpc=S1lIFNzOR8&p=https%3A//movie.douban.com&dtd=149, line 1: ReferenceError: osdlfm is not defined
JavaScript error: https://googleads.g.doubleclick.net/pagead/ads?client=ca-pub-4830389020085397&output=html&h=250&slotname=1983604743&adk=2656724884&adf=367891091&pi=t.ma~as.1983604743&w=300&lmt=1620286554&psa=1&format=300x250&url=https%3A%2F%2Fmovie.douban.com%2Ftop250%3Fstart%3D50%26filter%3D&flash=0&wgl=1&dt=1620286554146&bpp=5&bdt=2061&idt=22&shv=r20210504&cbv=%2Fr20190131&ptt=9&saldr=aa&abxe=1&cookie=ID%3Db0f65fefef5f6133-2212b96bd4c70088%3AT%3D1620286534%3ART%3D1620286534%3AS%3DALNI_MbLg0WuibYbOB4Y62bq4sI3q1GFiA&correlator=7895633569804&frm=20&pv=2&ga_vid=604367790.1620286538&ga_sid=1620286538&ga_hid=1635829638&ga_fc=1&u_tz=480&u_his=3&u_java=0&u_h=1080&u_w=1920&u_ah=1050&u_aw=1920&u_cd=24&u_nplug=0&u_nmime=0&adx=1172&ady=331&biw=1903&bih=948&scr_x=0&scr_y=0&eid=21066429%2C31060710&oid=3&pvsid=1640441941969643&pem=594&ref=https%3A%2F%2Fmovie.douban.com%2Ftop250%3Fstart%3D25%26filter%3D&eae=0&fc=896&brdim=-8%2C-8%2C-8%2C-8%2C1920%2C0%2C1936%2C1066%2C1920%2C948&vis=2&rsz=%7C%7CoeEr%7C&abl=CS&pfx=0&fu=0&bc=29&ifi=1&uci=a!1&xpc=EarYzL4F7F&p=https%3A//movie.douban.com&dtd=158, line 1: ReferenceError: osdlfm is not defined
JavaScript error: https://googleads.g.doubleclick.net/pagead/ads?client=ca-pub-4830389020085397&output=html&h=250&slotname=1983604743&adk=2656724884&adf=367891091&pi=t.ma~as.1983604743&w=300&lmt=1620286560&psa=1&format=300x250&url=https%3A%2F%2Fmovie.douban.com%2Ftop250%3Fstart%3D75%26filter%3D&flash=0&wgl=1&dt=1620286560076&bpp=4&bdt=1686&idt=24&shv=r20210504&cbv=%2Fr20190131&ptt=9&saldr=aa&abxe=1&cookie=ID%3Db0f65fefef5f6133-2212b96bd4c70088%3AT%3D1620286534%3ART%3D1620286534%3AS%3DALNI_MbLg0WuibYbOB4Y62bq4sI3q1GFiA&correlator=4606539185606&frm=20&pv=2&ga_vid=604367790.1620286538&ga_sid=1620286538&ga_hid=676261731&ga_fc=1&u_tz=480&u_his=4&u_java=0&u_h=1080&u_w=1920&u_ah=1050&u_aw=1920&u_cd=24&u_nplug=0&u_nmime=0&adx=1172&ady=331&biw=1903&bih=948&scr_x=0&scr_y=0&eid=44741878&oid=3&pvsid=1563387546892334&pem=594&ref=https%3A%2F%2Fmovie.douban.com%2Ftop250%3Fstart%3D50%26filter%3D&eae=0&fc=896&brdim=-8%2C-8%2C-8%2C-8%2C1920%2C0%2C1936%2C1066%2C1920%2C948&vis=2&rsz=%7C%7CoeEr%7C&abl=CS&pfx=0&fu=0&bc=29&ifi=1&uci=a!1&xpc=romPkiqIdv&p=https%3A//movie.douban.com&dtd=155, line 1: ReferenceError: osdlfm is not defined
JavaScript error: https://googleads.g.doubleclick.net/pagead/ads?client=ca-pub-4830389020085397&output=html&h=250&slotname=1983604743&adk=2656724884&adf=367891091&pi=t.ma~as.1983604743&w=300&lmt=1620286566&psa=1&format=300x250&url=https%3A%2F%2Fmovie.douban.com%2Ftop250%3Fstart%3D100%26filter%3D&flash=0&wgl=1&dt=1620286566213&bpp=3&bdt=1632&idt=9&shv=r20210504&cbv=%2Fr20190131&ptt=9&saldr=aa&abxe=1&cookie=ID%3Db0f65fefef5f6133-2212b96bd4c70088%3AT%3D1620286534%3ART%3D1620286534%3AS%3DALNI_MbLg0WuibYbOB4Y62bq4sI3q1GFiA&correlator=89481918263&frm=20&pv=2&ga_vid=604367790.1620286538&ga_sid=1620286538&ga_hid=2134235985&ga_fc=1&u_tz=480&u_his=5&u_java=0&u_h=1080&u_w=1920&u_ah=1050&u_aw=1920&u_cd=24&u_nplug=0&u_nmime=0&adx=1172&ady=331&biw=1903&bih=948&scr_x=0&scr_y=0&eid=31060566&oid=3&pvsid=3035801313092680&pem=594&ref=https%3A%2F%2Fmovie.douban.com%2Ftop250%3Fstart%3D75%26filter%3D&eae=0&fc=896&brdim=-8%2C-8%2C-8%2C-8%2C1920%2C0%2C1936%2C1066%2C1920%2C948&vis=2&rsz=%7C%7CoeEr%7C&abl=CS&pfx=0&fu=0&bc=29&ifi=1&uci=a!1&xpc=UvVYPcn7IX&p=https%3A//movie.douban.com&dtd=153, line 1: ReferenceError: osdlfm is not defined
JavaScript error: https://googleads.g.doubleclick.net/pagead/ads?client=ca-pub-4830389020085397&output=html&h=250&slotname=1983604743&adk=2656724884&adf=367891091&pi=t.ma~as.1983604743&w=300&lmt=1620286578&psa=1&format=300x250&url=https%3A%2F%2Fmovie.douban.com%2Ftop250%3Fstart%3D150%26filter%3D&flash=0&wgl=1&dt=1620286578461&bpp=3&bdt=1655&idt=11&shv=r20210504&cbv=%2Fr20190131&ptt=9&saldr=aa&abxe=1&cookie=ID%3Db0f65fefef5f6133-2212b96bd4c70088%3AT%3D1620286534%3ART%3D1620286534%3AS%3DALNI_MbLg0WuibYbOB4Y62bq4sI3q1GFiA&correlator=2673229001076&frm=20&pv=2&ga_vid=604367790.1620286538&ga_sid=1620286538&ga_hid=324553504&ga_fc=1&u_tz=480&u_his=7&u_java=0&u_h=1080&u_w=1920&u_ah=1050&u_aw=1920&u_cd=24&u_nplug=0&u_nmime=0&adx=1172&ady=331&biw=1903&bih=948&scr_x=0&scr_y=0&eid=31060711%2C31060743%2C31060956&oid=3&pvsid=1663001389234476&pem=594&ref=https%3A%2F%2Fmovie.douban.com%2Ftop250%3Fstart%3D125%26filter%3D&eae=0&fc=896&brdim=-8%2C-8%2C-8%2C-8%2C1920%2C0%2C1936%2C1066%2C1920%2C948&vis=2&rsz=%7C%7CoeEr%7C&abl=CS&pfx=0&fu=0&bc=29&ifi=1&uci=a!1&xpc=B6Hl2dBlcx&p=https%3A//movie.douban.com&dtd=160, line 1: ReferenceError: osdlfm is not defined
JavaScript error: https://googleads.g.doubleclick.net/pagead/ads?client=ca-pub-4830389020085397&output=html&h=250&slotname=1983604743&adk=2656724884&adf=367891091&pi=t.ma~as.1983604743&w=300&lmt=1620286584&psa=1&format=300x250&url=https%3A%2F%2Fmovie.douban.com%2Ftop250%3Fstart%3D175%26filter%3D&flash=0&wgl=1&dt=1620286584579&bpp=2&bdt=1660&idt=10&shv=r20210504&cbv=%2Fr20190131&ptt=9&saldr=aa&abxe=1&cookie=ID%3Db0f65fefef5f6133-2212b96bd4c70088%3AT%3D1620286534%3ART%3D1620286534%3AS%3DALNI_MbLg0WuibYbOB4Y62bq4sI3q1GFiA&correlator=4367217868511&frm=20&pv=2&ga_vid=604367790.1620286538&ga_sid=1620286538&ga_hid=975164926&ga_fc=1&u_tz=480&u_his=8&u_java=0&u_h=1080&u_w=1920&u_ah=1050&u_aw=1920&u_cd=24&u_nplug=0&u_nmime=0&adx=1172&ady=331&biw=1903&bih=948&scr_x=0&scr_y=0&eid=44739521&oid=3&pvsid=4198829087657015&pem=594&ref=https%3A%2F%2Fmovie.douban.com%2Ftop250%3Fstart%3D150%26filter%3D&eae=0&fc=896&brdim=-8%2C-8%2C-8%2C-8%2C1920%2C0%2C1936%2C1066%2C1920%2C948&vis=2&rsz=%7C%7CoeEr%7C&abl=CS&pfx=0&fu=0&bc=29&ifi=1&uci=a!1&xpc=4g516ToFC6&p=https%3A//movie.douban.com&dtd=163, line 1: ReferenceError: osdlfm is not defined
JavaScript error: https://googleads.g.doubleclick.net/pagead/ads?client=ca-pub-4830389020085397&output=html&h=250&slotname=1983604743&adk=2656724884&adf=367891091&pi=t.ma~as.1983604743&w=300&lmt=1620286590&psa=1&format=300x250&url=https%3A%2F%2Fmovie.douban.com%2Ftop250%3Fstart%3D200%26filter%3D&flash=0&wgl=1&dt=1620286590700&bpp=2&bdt=1666&idt=10&shv=r20210504&cbv=%2Fr20190131&ptt=9&saldr=aa&abxe=1&cookie=ID%3Db0f65fefef5f6133-2212b96bd4c70088%3AT%3D1620286534%3ART%3D1620286534%3AS%3DALNI_MbLg0WuibYbOB4Y62bq4sI3q1GFiA&correlator=7577448303892&frm=20&pv=2&ga_vid=604367790.1620286538&ga_sid=1620286538&ga_hid=1531828340&ga_fc=1&u_tz=480&u_his=9&u_java=0&u_h=1080&u_w=1920&u_ah=1050&u_aw=1920&u_cd=24&u_nplug=0&u_nmime=0&adx=1172&ady=331&biw=1903&bih=948&scr_x=0&scr_y=0&eid=42530671&oid=3&pvsid=315075097745810&pem=594&ref=https%3A%2F%2Fmovie.douban.com%2Ftop250%3Fstart%3D175%26filter%3D&eae=0&fc=896&brdim=-8%2C-8%2C-8%2C-8%2C1920%2C0%2C1936%2C1066%2C1920%2C948&vis=2&rsz=%7C%7CoeEr%7C&abl=CS&pfx=0&fu=0&bc=29&ifi=1&uci=a!1&xpc=g5B4wHjYv6&p=https%3A//movie.douban.com&dtd=167, line 1: ReferenceError: osdlfm is not defined
JavaScript error: https://googleads.g.doubleclick.net/pagead/ads?client=ca-pub-4830389020085397&output=html&h=250&slotname=1983604743&adk=2656724884&adf=367891091&pi=t.ma~as.1983604743&w=300&lmt=1620286596&psa=1&format=300x250&url=https%3A%2F%2Fmovie.douban.com%2Ftop250%3Fstart%3D225%26filter%3D&flash=0&wgl=1&dt=1620286596818&bpp=2&bdt=1641&idt=10&shv=r20210504&cbv=%2Fr20190131&ptt=9&saldr=aa&abxe=1&cookie=ID%3Db0f65fefef5f6133-2212b96bd4c70088%3AT%3D1620286534%3ART%3D1620286534%3AS%3DALNI_MbLg0WuibYbOB4Y62bq4sI3q1GFiA&correlator=3743084009720&frm=20&pv=2&ga_vid=604367790.1620286538&ga_sid=1620286538&ga_hid=1321241374&ga_fc=1&u_tz=480&u_his=10&u_java=0&u_h=1080&u_w=1920&u_ah=1050&u_aw=1920&u_cd=24&u_nplug=0&u_nmime=0&adx=1172&ady=331&biw=1903&bih=948&scr_x=0&scr_y=0&oid=3&pvsid=4270938997329723&pem=594&ref=https%3A%2F%2Fmovie.douban.com%2Ftop250%3Fstart%3D200%26filter%3D&eae=0&fc=896&brdim=-8%2C-8%2C-8%2C-8%2C1920%2C0%2C1936%2C1066%2C1920%2C948&vis=2&rsz=%7C%7CoeEr%7C&abl=CS&pfx=0&fu=0&bc=29&ifi=1&uci=a!1&xpc=71TfeF8qh8&p=https%3A//movie.douban.com&dtd=163, line 1: ReferenceError: osdlfm is not defined
1620286601632	Marionette	WARN	TimedPromise timed out after 500 ms: stacktrace:
TimedPromise/<@chrome://marionette/content/sync.js:245:13
TimedPromise@chrome://marionette/content/sync.js:230:10
interaction.flushEventLoop@chrome://marionette/content/interaction.js:416:10
webdriverClickElement@chrome://marionette/content/interaction.js:182:31
1620286601836	Marionette	INFO	Stopped listening on port 51764

###!!! [Child][RunMessage] Error: Channel closing: too late to send/recv, messages will be lost


###!!! [Child][MessageChannel::SendAndWait] Error: Channel error: cannot send/recv

1620286673543	geckodriver	INFO	Listening on 127.0.0.1:51920
1620286676595	mozrunner::runner	INFO	Running command: "C:\\Program Files (x86)\\Mozilla Firefox\\firefox.exe" "--marionette" "-foreground" "-no-remote" "-profile" "C:\\Users\\ADMINI~1\\AppData\\Local\\Temp\\rust_mozprofilem7d69f"
JavaScript error: resource://gre/modules/XULStore.jsm, line 66: Error: Can't find profile directory.
1620286677967	Marionette	INFO	Listening on port 51929
1620286678103	Marionette	WARN	TLS certificate errors will be ignored for this session
JavaScript error: https://googleads.g.doubleclick.net/pagead/ads?client=ca-pub-4830389020085397&output=html&h=250&slotname=1983604743&adk=2656724884&adf=367891091&pi=t.ma~as.1983604743&w=300&lmt=1620286683&psa=0&format=300x250&url=https%3A%2F%2Fmovie.douban.com%2Ftop250&flash=0&wgl=1&dt=1620286682554&bpp=4&bdt=2099&idt=148&shv=r20210504&cbv=%2Fr20190131&ptt=9&saldr=aa&abxe=1&cookie=ID%3D690636969e46de2b-222f1799d9c700bd%3AT%3D1620286679%3ART%3D1620286679%3AS%3DALNI_MaBzfLoZBfi44xaA8jTbgp4oWSjNg&correlator=6938170659477&frm=20&pv=2&ga_vid=1419271846.1620286682&ga_sid=1620286682&ga_hid=911455435&ga_fc=1&u_tz=480&u_his=1&u_java=0&u_h=1080&u_w=1920&u_ah=1050&u_aw=1920&u_cd=24&u_nplug=0&u_nmime=0&adx=1172&ady=331&biw=1903&bih=948&scr_x=0&scr_y=0&eid=31060711%2C31060839&oid=3&pvsid=3629853155642197&pem=484&eae=0&fc=896&brdim=-8%2C-8%2C-8%2C-8%2C1920%2C0%2C1936%2C1066%2C1920%2C948&vis=1&rsz=%7C%7CoeE%7C&abl=CS&pfx=0&fu=0&bc=29&ifi=1&uci=a!1&xpc=joRlfNq0uh&p=https%3A//movie.douban.com&dtd=497, line 1: ReferenceError: osdlfm is not defined
1620288854994	Marionette	INFO	Stopped listening on port 51929

###!!! [Child][RunMessage] Error: Channel closing: too late to send/recv, messages will be lost


###!!! [Child][MessageChannel::SendAndWait] Error: Channel error: cannot send/recv

\\Local\\Temp\\rust_mozprofilewnvFjT"
JavaScript error: resource://gre/modules/XULStore.jsm, line 66: Error: Can't find profile directory.
1620286777963	Marionette	INFO	Listening on port 52074
1620286778110	Marionette	WARN	TLS certificate errors will be ignored for this session
JavaScript error: https://googleads.g.doubleclick.net/pagead/ads?client=ca-pub-4830389020085397&output=html&h=250&slotname=1983604743&adk=2656724884&adf=367891091&pi=t.ma~as.1983604743&w=300&lmt=1620286781&psa=0&format=300x250&url=https%3A%2F%2Fmovie.douban.com%2Ftop250&flash=0&wgl=1&dt=1620286780527&bpp=3&bdt=2026&idt=157&shv=r20210504&cbv=%2Fr20190131&ptt=9&saldr=aa&abxe=1&cookie=ID%3D225934601a60f8f4-224cb853d4c700d1%3AT%3D1620286777%3ART%3D1620286777%3AS%3DALNI_MaBrKxLpH1QBJHCiktAj9hwSSCD9g&correlator=843281649981&frm=20&pv=2&ga_vid=972357671.1620286779&ga_sid=1620286779&ga_hid=1980114728&ga_fc=1&u_tz=480&u_his=1&u_java=0&u_h=1080&u_w=1920&u_ah=1050&u_aw=1920&u_cd=24&u_nplug=0&u_nmime=0&adx=1172&ady=331&biw=1903&bih=948&scr_x=0&scr_y=0&oid=3&pvsid=2289054543694506&pem=359&eae=0&fc=896&brdim=-8%2C-8%2C-8%2C-8%2C1920%2C0%2C1936%2C1066%2C1920%2C948&vis=2&rsz=%7C%7CoeEr%7C&abl=CS&pfx=0&fu=0&bc=29&ifi=1&uci=a!1&xpc=um302pomm0&p=https%3A//movie.douban.com&dtd=536, line 1: ReferenceError: osdlfm is not defined
1620288849202	Marionette	INFO	Stopped listening on port 52074

###!!! [Child][RunMessage] Error: Channel closing: too late to send/recv, messages will be lost


###!!! [Child][MessageChannel::SendAndWait] Error: Channel error: cannot send/recv

\\Local\\Temp\\rust_mozprofileL2Xm2X"
JavaScript error: resource://gre/modules/XULStore.jsm, line 66: Error: Can't find profile directory.
1620286861530	Marionette	INFO	Listening on port 52204
1620286861666	Marionette	WARN	TLS certificate errors will be ignored for this session
JavaScript error: https://googleads.g.doubleclick.net/pagead/ads?client=ca-pub-4830389020085397&output=html&h=250&slotname=1983604743&adk=2656724884&adf=367891091&pi=t.ma~as.1983604743&w=300&lmt=1620286865&psa=0&format=300x250&url=https%3A%2F%2Fmovie.douban.com%2Ftop250&flash=0&wgl=1&dt=1620286864624&bpp=4&bdt=2244&idt=163&shv=r20210504&cbv=%2Fr20190131&ptt=9&saldr=aa&abxe=1&cookie=ID%3D4f9a91bbae059a85-2282e7cad1c7003a%3AT%3D1620286861%3ART%3D1620286861%3AS%3DALNI_MYlmDdxWh6wzDnTqLpktgmXWkbjVA&correlator=7254603785696&frm=20&pv=2&ga_vid=860076662.1620286864&ga_sid=1620286864&ga_hid=81860303&ga_fc=1&u_tz=480&u_his=1&u_java=0&u_h=1080&u_w=1920&u_ah=1050&u_aw=1920&u_cd=24&u_nplug=0&u_nmime=0&adx=1172&ady=331&biw=1903&bih=948&scr_x=0&scr_y=0&eid=31060829&oid=3&pvsid=1887697061192752&pem=67&eae=0&fc=896&brdim=-8%2C-8%2C-8%2C-8%2C1920%2C0%2C1936%2C1066%2C1920%2C948&vis=2&rsz=%7C%7CoeEr%7C&abl=CS&pfx=0&fu=0&bc=29&ifi=1&uci=a!1&xpc=aChlbE0UOM&p=https%3A//movie.douban.com&dtd=525, line 1: ReferenceError: osdlfm is not defined
JavaScript error: https://googleads.g.doubleclick.net/pagead/ads?client=ca-pub-4830389020085397&output=html&h=250&slotname=1983604743&adk=2656724884&adf=367891091&pi=t.ma~as.1983604743&w=300&lmt=1620286871&psa=1&format=300x250&url=https%3A%2F%2Fmovie.douban.com%2Ftop250%3Fstart%3D25%26filter%3D&flash=0&wgl=1&dt=1620286871238&bpp=5&bdt=1686&idt=22&shv=r20210504&cbv=%2Fr20190131&ptt=9&saldr=aa&abxe=1&cookie=ID%3D4f9a91bbae059a85-2282e7cad1c7003a%3AT%3D1620286861%3ART%3D1620286861%3AS%3DALNI_MYlmDdxWh6wzDnTqLpktgmXWkbjVA&correlator=2517310622042&frm=20&pv=2&ga_vid=860076662.1620286864&ga_sid=1620286864&ga_hid=1738510876&ga_fc=1&u_tz=480&u_his=2&u_java=0&u_h=1080&u_w=1920&u_ah=1050&u_aw=1920&u_cd=24&u_nplug=0&u_nmime=0&adx=1172&ady=331&biw=1903&bih=948&scr_x=0&scr_y=0&eid=31060614%2C31060829%2C44740387&oid=3&pvsid=1993470205828991&pem=67&ref=https%3A%2F%2Fmovie.douban.com%2Ftop250&eae=0&fc=896&brdim=-8%2C-8%2C-8%2C-8%2C1920%2C0%2C1936%2C1066%2C1920%2C948&vis=2&rsz=%7C%7CoeEr%7C&abl=CS&pfx=0&fu=0&bc=29&ifi=1&uci=a!1&xpc=mEMzZNbWFo&p=https%3A//movie.douban.com&dtd=158, line 1: ReferenceError: osdlfm is not defined
JavaScript error: https://googleads.g.doubleclick.net/pagead/ads?client=ca-pub-4830389020085397&output=html&h=250&slotname=1983604743&adk=2656724884&adf=367891091&pi=t.ma~as.1983604743&w=300&lmt=1620286877&psa=1&format=300x250&url=https%3A%2F%2Fmovie.douban.com%2Ftop250%3Fstart%3D50%26filter%3D&flash=0&wgl=1&dt=1620286877613&bpp=5&bdt=1715&idt=21&shv=r20210504&cbv=%2Fr20190131&ptt=9&saldr=aa&abxe=1&cookie=ID%3D4f9a91bbae059a85-2282e7cad1c7003a%3AT%3D1620286861%3ART%3D1620286861%3AS%3DALNI_MYlmDdxWh6wzDnTqLpktgmXWkbjVA&correlator=4709055504774&frm=20&pv=2&ga_vid=860076662.1620286864&ga_sid=1620286864&ga_hid=1850869895&ga_fc=1&u_tz=480&u_his=3&u_java=0&u_h=1080&u_w=1920&u_ah=1050&u_aw=1920&u_cd=24&u_nplug=0&u_nmime=0&adx=1172&ady=331&biw=1903&bih=948&scr_x=0&scr_y=0&eid=31060743%2C31060829&oid=3&pvsid=3954259691220314&pem=67&ref=https%3A%2F%2Fmovie.douban.com%2Ftop250%3Fstart%3D25%26filter%3D&eae=0&fc=896&brdim=-8%2C-8%2C-8%2C-8%2C1920%2C0%2C1936%2C1066%2C1920%2C948&vis=2&rsz=%7C%7CoeEr%7C&abl=CS&pfx=0&fu=0&bc=29&ifi=1&uci=a!1&xpc=96SRrjCvQe&p=https%3A//movie.douban.com&dtd=158, line 1: ReferenceError: osdlfm is not defined
JavaScript error: https://googleads.g.doubleclick.net/pagead/ads?client=ca-pub-4830389020085397&output=html&h=250&slotname=1983604743&adk=2656724884&adf=367891091&pi=t.ma~as.1983604743&w=300&lmt=1620286901&psa=1&format=300x250&url=https%3A%2F%2Fmovie.douban.com%2Ftop250%3Fstart%3D150%26filter%3D&flash=0&wgl=1&dt=1620286901817&bpp=2&bdt=1622&idt=10&shv=r20210504&cbv=%2Fr20190131&ptt=9&saldr=aa&abxe=1&cookie=ID%3D4f9a91bbae059a85-2282e7cad1c7003a%3AT%3D1620286861%3ART%3D1620286861%3AS%3DALNI_MYlmDdxWh6wzDnTqLpktgmXWkbjVA&correlator=7184103908100&frm=20&pv=2&ga_vid=860076662.1620286864&ga_sid=1620286864&ga_hid=153973200&ga_fc=1&u_tz=480&u_his=7&u_java=0&u_h=1080&u_w=1920&u_ah=1050&u_aw=1920&u_cd=24&u_nplug=0&u_nmime=0&adx=1172&ady=331&biw=1903&bih=948&scr_x=0&scr_y=0&eid=31060829&oid=3&pvsid=951081650200008&pem=67&ref=https%3A%2F%2Fmovie.douban.com%2Ftop250%3Fstart%3D125%26filter%3D&eae=0&fc=896&brdim=-8%2C-8%2C-8%2C-8%2C1920%2C0%2C1936%2C1066%2C1920%2C948&vis=2&rsz=%7C%7CoeEr%7C&abl=CS&pfx=0&fu=0&bc=29&ifi=1&uci=a!1&xpc=o9maZscx26&p=https%3A//movie.douban.com&dtd=152, line 1: ReferenceError: osdlfm is not defined
JavaScript error: https://googleads.g.doubleclick.net/pagead/ads?client=ca-pub-4830389020085397&output=html&h=250&slotname=1983604743&adk=2656724884&adf=367891091&pi=t.ma~as.1983604743&w=300&lmt=1620286920&psa=1&format=300x250&url=https%3A%2F%2Fmovie.douban.com%2Ftop250%3Fstart%3D225%26filter%3D&flash=0&wgl=1&dt=1620286920238&bpp=2&bdt=716&idt=11&shv=r20210504&cbv=%2Fr20190131&ptt=9&saldr=aa&abxe=1&cookie=ID%3D4f9a91bbae059a85-2282e7cad1c7003a%3AT%3D1620286861%3ART%3D1620286861%3AS%3DALNI_MYlmDdxWh6wzDnTqLpktgmXWkbjVA&correlator=5132280608822&frm=20&pv=2&ga_vid=860076662.1620286864&ga_sid=1620286864&ga_hid=346407447&ga_fc=1&u_tz=480&u_his=10&u_java=0&u_h=1080&u_w=1920&u_ah=1050&u_aw=1920&u_cd=24&u_nplug=0&u_nmime=0&adx=1172&ady=331&biw=1903&bih=948&scr_x=0&scr_y=0&eid=31060829%2C44740387&oid=3&pvsid=56666057064287&pem=67&ref=https%3A%2F%2Fmovie.douban.com%2Ftop250%3Fstart%3D200%26filter%3D&eae=0&fc=896&brdim=-8%2C-8%2C-8%2C-8%2C1920%2C0%2C1936%2C1066%2C1920%2C948&vis=2&rsz=%7C%7CoeEr%7C&abl=CS&pfx=0&fu=0&bc=29&ifi=1&uci=a!1&xpc=FCe0fIm3OJ&p=https%3A//movie.douban.com&dtd=154, line 1: ReferenceError: osdlfm is not defined
1620286925633	Marionette	WARN	TimedPromise timed out after 500 ms: stacktrace:
TimedPromise/<@chrome://marionette/content/sync.js:245:13
TimedPromise@chrome://marionette/content/sync.js:230:10
interaction.flushEventLoop@chrome://marionette/content/interaction.js:416:10
webdriverClickElement@chrome://marionette/content/interaction.js:182:31
1620286925841	Marionette	INFO	Stopped listening on port 52204

###!!! [Child][RunMessage] Error: Channel closing: too late to send/recv, messages will be lost


###!!! [Child][MessageChannel::SendAndWait] Error: Channel error: cannot send/recv

1621478393858	geckodriver	INFO	Listening on 127.0.0.1:61206
1621478396907	mozrunner::runner	INFO	Running command: "C:\\Program Files (x86)\\Mozilla Firefox\\firefox.exe" "--marionette" "-foreground" "-no-remote" "-profile" "C:\\Users\\ADMINI~1\\AppData\\Local\\Temp\\rust_mozprofileZR1243"
JavaScript error: resource://gre/modules/XULStore.jsm, line 66: Error: Can't find profile directory.
1621478399170	Marionette	INFO	Listening on port 61215
1621478399541	Marionette	WARN	TLS certificate errors will be ignored for this session
console.error: services.settings: 
  security-state/intermediates Signature failed  TypeError: NetworkError when attempting to fetch resource.
console.error: services.settings: 
  Message: TypeError: NetworkError when attempting to fetch resource.
console.error: services.settings: 
  security-state/cert-revocations Signature failed  TypeError: NetworkError when attempting to fetch resource.
console.error: services.settings: 
  Message: TypeError: NetworkError when attempting to fetch resource.
 ignored for this session
console.error: services.settings: 
  security-state/intermediates Signature failed  TypeError: NetworkError when attempting to fetch resource.
console.error: services.settings: 
  Message: TypeError: NetworkError when attempting to fetch resource.
console.error: services.settings: 
  security-state/cert-revocations Signature failed  TypeError: NetworkError when attempting to fetch resource.
console.error: services.settings: 
  Message: TypeError: NetworkError when attempting to fetch resource.
console.error: services.settings: 
  security-state/onecrl Signature failed  TypeError: NetworkError when attempting to fetch resource.
console.error: services.settings: 
  Message: TypeError: NetworkError when attempting to fetch resource.
en attempting to fetch resource.
1621566338696	geckodriver	INFO	Listening on 127.0.0.1:64414
1621566341724	mozrunner::runner	INFO	Running command: "C:\\Program Files (x86)\\Mozilla Firefox\\firefox.exe" "--marionette" "-foreground" "-no-remote" "-profile" "C:\\Users\\ADMINI~1\\AppData\\Local\\Temp\\rust_mozprofilei0JzEi"
JavaScript error: resource://gre/modules/XULStore.jsm, line 66: Error: Can't find profile directory.
1621566344025	Marionette	INFO	Listening on port 64423
1621566344338	Marionette	WARN	TLS certificate errors will be ignored for this session
1621566344382	geckodriver	INFO	Listening on 127.0.0.1:64448
1621566347419	mozrunner::runner	INFO	Running command: "C:\\Program Files (x86)\\Mozilla Firefox\\firefox.exe" "--marionette" "-foreground" "-no-remote" "-profile" "C:\\Users\\ADMINI~1\\AppData\\Local\\Temp\\rust_mozprofilet4xA9o"
JavaScript error: resource://gre/modules/XULStore.jsm, line 66: Error: Can't find profile directory.
1621566348830	Marionette	INFO	Listening on port 64459
1621566348935	Marionette	WARN	TLS certificate errors will be ignored for this session
1621566348968	geckodriver	INFO	Listening on 127.0.0.1:64482
1621566352002	mozrunner::runner	INFO	Running command: "C:\\Program Files (x86)\\Mozilla Firefox\\firefox.exe" "--marionette" "-foreground" "-no-remote" "-profile" "C:\\Users\\ADMINI~1\\AppData\\Local\\Temp\\rust_mozprofilesIpx5X"
JavaScript error: resource://gre/modules/XULStore.jsm, line 66: Error: Can't find profile directory.
1621566353370	Marionette	INFO	Listening on port 64498
1621566353521	Marionette	WARN	TLS certificate errors will be ignored for this session
1621858822261	geckodriver	INFO	Listening on 127.0.0.1:49444
1621858825273	mozrunner::runner	INFO	Running command: "C:\\Program Files (x86)\\Mozilla Firefox\\firefox.exe" "--marionette" "--headless" "-foreground" "-no-remote" "-profile" "C:\\Users\\ADMINI~1\\AppData\\Local\\Temp\\rust_mozprofileRrjhDt"
*** You are running in headless mode.
JavaScript error: resource://gre/modules/XULStore.jsm, line 66: Error: Can't find profile directory.
1621858831352	Marionette	INFO	Listening on port 49455
1621858831490	Marionette	WARN	TLS certificate errors will be ignored for this session
1621858831522	geckodriver	INFO	Listening on 127.0.0.1:49488
1621858834562	mozrunner::runner	INFO	Running command: "C:\\Program Files (x86)\\Mozilla Firefox\\firefox.exe" "--marionette" "--headless" "-foreground" "-no-remote" "-profile" "C:\\Users\\ADMINI~1\\AppData\\Local\\Temp\\rust_mozprofilebFGMTR"
*** You are running in headless mode.
JavaScript error: resource://gre/modules/XULStore.jsm, line 66: Error: Can't find profile directory.
1621858835906	Marionette	INFO	Listening on port 49504
1621858836070	Marionette	WARN	TLS certificate errors will be ignored for this session
1621858836100	geckodriver	INFO	Listening on 127.0.0.1:49528
1621858839142	mozrunner::runner	INFO	Running command: "C:\\Program Files (x86)\\Mozilla Firefox\\firefox.exe" "--marionette" "--headless" "-foreground" "-no-remote" "-profile" "C:\\Users\\ADMINI~1\\AppData\\Local\\Temp\\rust_mozprofileB79Dko"
*** You are running in headless mode.
JavaScript error: resource://gre/modules/XULStore.jsm, line 66: Error: Can't find profile directory.
1621858840371	Marionette	INFO	Listening on port 49546
1621858840650	Marionette	WARN	TLS certificate errors will be ignored for this session
1621858995575	geckodriver	INFO	Listening on 127.0.0.1:54775
1621858998628	mozrunner::runner	INFO	Running command: "C:\\Program Files (x86)\\Mozilla Firefox\\firefox.exe" "--marionette" "--headless" "-foreground" "-no-remote" "-profile" "C:\\Users\\ADMINI~1\\AppData\\Local\\Temp\\rust_mozprofilejzikpD"
*** You are running in headless mode.
JavaScript error: resource://gre/modules/XULStore.jsm, line 66: Error: Can't find profile directory.
1621858999860	Marionette	INFO	Listening on port 54785
1621859000136	Marionette	WARN	TLS certificate errors will be ignored for this session
1621859000166	geckodriver	INFO	Listening on 127.0.0.1:54797
1621859003205	mozrunner::runner	INFO	Running command: "C:\\Program Files (x86)\\Mozilla Firefox\\firefox.exe" "--marionette" "--headless" "-foreground" "-no-remote" "-profile" "C:\\Users\\ADMINI~1\\AppData\\Local\\Temp\\rust_mozprofilemgJlpb"
*** You are running in headless mode.
JavaScript error: resource://gre/modules/XULStore.jsm, line 66: Error: Can't find profile directory.
1621859004426	Marionette	INFO	Listening on port 54828
1621859004713	Marionette	WARN	TLS certificate errors will be ignored for this session
1621859004743	geckodriver	INFO	Listening on 127.0.0.1:54852
1621859007791	mozrunner::runner	INFO	Running command: "C:\\Program Files (x86)\\Mozilla Firefox\\firefox.exe" "--marionette" "--headless" "-foreground" "-no-remote" "-profile" "C:\\Users\\ADMINI~1\\AppData\\Local\\Temp\\rust_mozprofileoTvoWH"
*** You are running in headless mode.
JavaScript error: resource://gre/modules/XULStore.jsm, line 66: Error: Can't find profile directory.
1621859009043	Marionette	INFO	Listening on port 54872
1621859009308	Marionette	WARN	TLS certificate errors will be ignored for this session
1621859342163	geckodriver	INFO	Listening on 127.0.0.1:55923
1621859345229	mozrunner::runner	INFO	Running command: "C:\\Program Files (x86)\\Mozilla Firefox\\firefox.exe" "--marionette" "--headless" "-foreground" "-no-remote" "-profile" "C:\\Users\\ADMINI~1\\AppData\\Local\\Temp\\rust_mozprofileYCHyti"
*** You are running in headless mode.
JavaScript error: resource://gre/modules/XULStore.jsm, line 66: Error: Can't find profile directory.
1621859346483	Marionette	INFO	Listening on port 55933
1621859346736	Marionette	WARN	TLS certificate errors will be ignored for this session
1621859346766	geckodriver	INFO	Listening on 127.0.0.1:55957
1621859349805	mozrunner::runner	INFO	Running command: "C:\\Program Files (x86)\\Mozilla Firefox\\firefox.exe" "--marionette" "--headless" "-foreground" "-no-remote" "-profile" "C:\\Users\\ADMINI~1\\AppData\\Local\\Temp\\rust_mozprofilegRhxCG"
*** You are running in headless mode.
JavaScript error: resource://gre/modules/XULStore.jsm, line 66: Error: Can't find profile directory.
1621859351076	Marionette	INFO	Listening on port 55978
1621859351323	Marionette	WARN	TLS certificate errors will be ignored for this session
1621859351354	geckodriver	INFO	Listening on 127.0.0.1:56002
1621859354407	mozrunner::runner	INFO	Running command: "C:\\Program Files (x86)\\Mozilla Firefox\\firefox.exe" "--marionette" "--headless" "-foreground" "-no-remote" "-profile" "C:\\Users\\ADMINI~1\\AppData\\Local\\Temp\\rust_mozprofileM8cfrG"
*** You are running in headless mode.
JavaScript error: resource://gre/modules/XULStore.jsm, line 66: Error: Can't find profile directory.
1621859355632	Marionette	INFO	Listening on port 56018
1621859355918	Marionette	WARN	TLS certificate errors will be ignored for this session
1622711283179	geckodriver	INFO	Listening on 127.0.0.1:61439
1622711286225	mozrunner::runner	INFO	Running command: "C:\\Program Files (x86)\\Mozilla Firefox\\firefox.exe" "--marionette" "--headless" "-foreground" "-no-remote" "-profile" "C:\\Users\\ADMINI~1\\AppData\\Local\\Temp\\rust_mozprofileFOiIcX"
*** You are running in headless mode.
JavaScript error: resource://gre/modules/XULStore.jsm, line 66: Error: Can't find profile directory.
1622711288434	Marionette	INFO	Listening on port 61448
1622711288835	Marionette	WARN	TLS certificate errors will be ignored for this session
1622711662285	Marionette	INFO	Stopped listening on port 61448
2711291927	mozrunner::runner	INFO	Running command: "C:\\Program Files (x86)\\Mozilla Firefox\\firefox.exe" "--marionette" "--headless" "-foreground" "-no-remote" "-profile" "C:\\Users\\ADMINI~1\\AppData\\Local\\Temp\\rust_mozprofileaGQirg"
*** You are running in headless mode.
JavaScript error: resource://gre/modules/XULStore.jsm, line 66: Error: Can't find profile directory.
1622711293206	Marionette	INFO	Listening on port 61490
1622711293439	Marionette	WARN	TLS certificate errors will be ignored for this session
1622711687843	Marionette	INFO	Stopped listening on port 61490
2711296515	mozrunner::runner	INFO	Running command: "C:\\Program Files (x86)\\Mozilla Firefox\\firefox.exe" "--marionette" "--headless" "-foreground" "-no-remote" "-profile" "C:\\Users\\ADMINI~1\\AppData\\Local\\Temp\\rust_mozprofileEw9YOi"
*** You are running in headless mode.
JavaScript error: resource://gre/modules/XULStore.jsm, line 66: Error: Can't find profile directory.
1622711297783	Marionette	INFO	Listening on port 61527
1622711298025	Marionette	WARN	TLS certificate errors will be ignored for this session
1622711659954	Marionette	INFO	Stopped listening on port 61527
1622771092365	geckodriver	INFO	Listening on 127.0.0.1:51116
1622771095409	mozrunner::runner	INFO	Running command: "C:\\Program Files (x86)\\Mozilla Firefox\\firefox.exe" "--marionette" "--headless" "-foreground" "-no-remote" "-profile" "C:\\Users\\ADMINI~1\\AppData\\Local\\Temp\\rust_mozprofileXHsbhY"
*** You are running in headless mode.
JavaScript error: resource://gre/modules/XULStore.jsm, line 66: Error: Can't find profile directory.
1622771096732	Marionette	INFO	Listening on port 51128
1622771096915	Marionette	WARN	TLS certificate errors will be ignored for this session
1622771096980	geckodriver	INFO	Listening on 127.0.0.1:51152
1622771100019	mozrunner::runner	INFO	Running command: "C:\\Program Files (x86)\\Mozilla Firefox\\firefox.exe" "--marionette" "--headless" "-foreground" "-no-remote" "-profile" "C:\\Users\\ADMINI~1\\AppData\\Local\\Temp\\rust_mozprofilerVlv2E"
*** You are running in headless mode.
JavaScript error: resource://gre/modules/XULStore.jsm, line 66: Error: Can't find profile directory.
1622771101268	Marionette	INFO	Listening on port 51171
1622771101529	Marionette	WARN	TLS certificate errors will be ignored for this session
1622771101565	geckodriver	INFO	Listening on 127.0.0.1:51193
1622771104602	mozrunner::runner	INFO	Running command: "C:\\Program Files (x86)\\Mozilla Firefox\\firefox.exe" "--marionette" "--headless" "-foreground" "-no-remote" "-profile" "C:\\Users\\ADMINI~1\\AppData\\Local\\Temp\\rust_mozprofileqqLYDY"
*** You are running in headless mode.
JavaScript error: resource://gre/modules/XULStore.jsm, line 66: Error: Can't find profile directory.
1622771105882	Marionette	INFO	Listening on port 51217
1622771106114	Marionette	WARN	TLS certificate errors will be ignored for this session
1622771686945	geckodriver	INFO	Listening on 127.0.0.1:52982
1622771689987	mozrunner::runner	INFO	Running command: "C:\\Program Files (x86)\\Mozilla Firefox\\firefox.exe" "--marionette" "--headless" "-foreground" "-no-remote" "-profile" "C:\\Users\\ADMINI~1\\AppData\\Local\\Temp\\rust_mozprofilecutwe5"
*** You are running in headless mode.
JavaScript error: resource://gre/modules/XULStore.jsm, line 66: Error: Can't find profile directory.
1622771691300	Marionette	INFO	Listening on port 52990
1622771691495	Marionette	WARN	TLS certificate errors will be ignored for this session
1622771691635	geckodriver	INFO	Listening on 127.0.0.1:53026
1622771694681	mozrunner::runner	INFO	Running command: "C:\\Program Files (x86)\\Mozilla Firefox\\firefox.exe" "--marionette" "--headless" "-foreground" "-no-remote" "-profile" "C:\\Users\\ADMINI~1\\AppData\\Local\\Temp\\rust_mozprofileLUuiYT"
*** You are running in headless mode.
JavaScript error: resource://gre/modules/XULStore.jsm, line 66: Error: Can't find profile directory.
1622771695931	Marionette	INFO	Listening on port 53043
1622771696190	Marionette	WARN	TLS certificate errors will be ignored for this session
1622771696222	geckodriver	INFO	Listening on 127.0.0.1:53067
1622771699265	mozrunner::runner	INFO	Running command: "C:\\Program Files (x86)\\Mozilla Firefox\\firefox.exe" "--marionette" "--headless" "-foreground" "-no-remote" "-profile" "C:\\Users\\ADMINI~1\\AppData\\Local\\Temp\\rust_mozprofileXmTQeS"
*** You are running in headless mode.
JavaScript error: resource://gre/modules/XULStore.jsm, line 66: Error: Can't find profile directory.
1622771700502	Marionette	INFO	Listening on port 53082
1622771700775	Marionette	WARN	TLS certificate errors will be ignored for this session
1622771843074	geckodriver	INFO	Listening on 127.0.0.1:61310
1622771846105	mozrunner::runner	INFO	Running command: "C:\\Program Files (x86)\\Mozilla Firefox\\firefox.exe" "--marionette" "--headless" "-foreground" "-no-remote" "-profile" "C:\\Users\\ADMINI~1\\AppData\\Local\\Temp\\rust_mozprofilereoJxl"
*** You are running in headless mode.
JavaScript error: resource://gre/modules/XULStore.jsm, line 66: Error: Can't find profile directory.
1622771848979	Marionette	INFO	Listening on port 61318
1622771849274	Marionette	WARN	TLS certificate errors will be ignored for this session
1622771849326	geckodriver	INFO	Listening on 127.0.0.1:61338
1622771852458	mozrunner::runner	INFO	Running command: "C:\\Program Files (x86)\\Mozilla Firefox\\firefox.exe" "--marionette" "--headless" "-foreground" "-no-remote" "-profile" "C:\\Users\\ADMINI~1\\AppData\\Local\\Temp\\rust_mozprofileA3jOeu"
*** You are running in headless mode.
JavaScript error: resource://gre/modules/XULStore.jsm, line 66: Error: Can't find profile directory.
1622771858129	Marionette	INFO	Listening on port 61351
1622771858182	Marionette	WARN	TLS certificate errors will be ignored for this session
1622771858213	geckodriver	INFO	Listening on 127.0.0.1:61372
1622771861241	mozrunner::runner	INFO	Running command: "C:\\Program Files (x86)\\Mozilla Firefox\\firefox.exe" "--marionette" "--headless" "-foreground" "-no-remote" "-profile" "C:\\Users\\ADMINI~1\\AppData\\Local\\Temp\\rust_mozprofileyfy8pq"
*** You are running in headless mode.
JavaScript error: resource://gre/modules/XULStore.jsm, line 66: Error: Can't find profile directory.
1622771862483	Marionette	INFO	Listening on port 61388
1622771862748	Marionette	WARN	TLS certificate errors will be ignored for this session
1622772073115	geckodriver	INFO	Listening on 127.0.0.1:64553
1622772076155	mozrunner::runner	INFO	Running command: "C:\\Program Files (x86)\\Mozilla Firefox\\firefox.exe" "--marionette" "--headless" "-foreground" "-no-remote" "-profile" "C:\\Users\\ADMINI~1\\AppData\\Local\\Temp\\rust_mozprofile5hqxKU"
*** You are running in headless mode.
JavaScript error: resource://gre/modules/XULStore.jsm, line 66: Error: Can't find profile directory.
1622772077470	Marionette	INFO	Listening on port 64562
1622772077670	Marionette	WARN	TLS certificate errors will be ignored for this session
1622772077700	geckodriver	INFO	Listening on 127.0.0.1:64574
1622772080735	mozrunner::runner	INFO	Running command: "C:\\Program Files (x86)\\Mozilla Firefox\\firefox.exe" "--marionette" "--headless" "-foreground" "-no-remote" "-profile" "C:\\Users\\ADMINI~1\\AppData\\Local\\Temp\\rust_mozprofile9wrGjq"
*** You are running in headless mode.
JavaScript error: resource://gre/modules/XULStore.jsm, line 66: Error: Can't find profile directory.
1622772081980	Marionette	INFO	Listening on port 64594
1622772082246	Marionette	WARN	TLS certificate errors will be ignored for this session
1622772082275	geckodriver	INFO	Listening on 127.0.0.1:64617
1622772085315	mozrunner::runner	INFO	Running command: "C:\\Program Files (x86)\\Mozilla Firefox\\firefox.exe" "--marionette" "--headless" "-foreground" "-no-remote" "-profile" "C:\\Users\\ADMINI~1\\AppData\\Local\\Temp\\rust_mozprofilewphBvP"
*** You are running in headless mode.
JavaScript error: resource://gre/modules/XULStore.jsm, line 66: Error: Can't find profile directory.
1622772086621	Marionette	INFO	Listening on port 64633
1622772086824	Marionette	WARN	TLS certificate errors will be ignored for this session
1622772190371	geckodriver	INFO	Listening on 127.0.0.1:49616
1622772193420	mozrunner::runner	INFO	Running command: "C:\\Program Files (x86)\\Mozilla Firefox\\firefox.exe" "--marionette" "--headless" "-foreground" "-no-remote" "-profile" "C:\\Users\\ADMINI~1\\AppData\\Local\\Temp\\rust_mozprofilerrCcee"
*** You are running in headless mode.
JavaScript error: resource://gre/modules/XULStore.jsm, line 66: Error: Can't find profile directory.
1622772194741	Marionette	INFO	Listening on port 49625
1622772194935	Marionette	WARN	TLS certificate errors will be ignored for this session
1622772194967	geckodriver	INFO	Listening on 127.0.0.1:49649
1622772198010	mozrunner::runner	INFO	Running command: "C:\\Program Files (x86)\\Mozilla Firefox\\firefox.exe" "--marionette" "--headless" "-foreground" "-no-remote" "-profile" "C:\\Users\\ADMINI~1\\AppData\\Local\\Temp\\rust_mozprofileOQS3Tl"
*** You are running in headless mode.
JavaScript error: resource://gre/modules/XULStore.jsm, line 66: Error: Can't find profile directory.
1622772199315	Marionette	INFO	Listening on port 49671
1622772199520	Marionette	WARN	TLS certificate errors will be ignored for this session
1622772199552	geckodriver	INFO	Listening on 127.0.0.1:49697
1622772202591	mozrunner::runner	INFO	Running command: "C:\\Program Files (x86)\\Mozilla Firefox\\firefox.exe" "--marionette" "--headless" "-foreground" "-no-remote" "-profile" "C:\\Users\\ADMINI~1\\AppData\\Local\\Temp\\rust_mozprofileVD6Yry"
*** You are running in headless mode.
JavaScript error: resource://gre/modules/XULStore.jsm, line 66: Error: Can't find profile directory.
1622772203822	Marionette	INFO	Listening on port 49711
1622772204101	Marionette	WARN	TLS certificate errors will be ignored for this session
1623741728268	geckodriver	INFO	Listening on 127.0.0.1:60655
1623741731334	mozrunner::runner	INFO	Running command: "C:\\Program Files (x86)\\Mozilla Firefox\\firefox.exe" "--marionette" "--headless" "-foreground" "-no-remote" "-profile" "C:\\Users\\ADMINI~1\\AppData\\Local\\Temp\\rust_mozprofilen9DZkM"
*** You are running in headless mode.
JavaScript error: resource://gre/modules/XULStore.jsm, line 66: Error: Can't find profile directory.
1623741733413	Marionette	INFO	Listening on port 60665
1623741733451	Marionette	WARN	TLS certificate errors will be ignored for this session
JavaScript error: , line 0: NS_ERROR_NOT_AVAILABLE
1:60685
1623741736521	mozrunner::runner	INFO	Running command: "C:\\Program Files (x86)\\Mozilla Firefox\\firefox.exe" "--marionette" "--headless" "-foreground" "-no-remote" "-profile" "C:\\Users\\ADMINI~1\\AppData\\Local\\Temp\\rust_mozprofileBT5QHv"
*** You are running in headless mode.
JavaScript error: resource://gre/modules/XULStore.jsm, line 66: Error: Can't find profile directory.
1623741737835	Marionette	INFO	Listening on port 60702
1623741738033	Marionette	WARN	TLS certificate errors will be ignored for this session
JavaScript error: , line 0: NS_ERROR_NOT_AVAILABLE
1:60723
1623741741109	mozrunner::runner	INFO	Running command: "C:\\Program Files (x86)\\Mozilla Firefox\\firefox.exe" "--marionette" "--headless" "-foreground" "-no-remote" "-profile" "C:\\Users\\ADMINI~1\\AppData\\Local\\Temp\\rust_mozprofileROz68G"
*** You are running in headless mode.
JavaScript error: resource://gre/modules/XULStore.jsm, line 66: Error: Can't find profile directory.
1623741742365	Marionette	INFO	Listening on port 60740
1623741742619	Marionette	WARN	TLS certificate errors will be ignored for this session
JavaScript error: , line 0: NS_ERROR_NOT_AVAILABLE
1624504286607	geckodriver	INFO	Listening on 127.0.0.1:59783
1624504289650	mozrunner::runner	INFO	Running command: "C:\\Program Files (x86)\\Mozilla Firefox\\firefox.exe" "--marionette" "--headless" "-foreground" "-no-remote" "-profile" "C:\\Users\\ADMINI~1\\AppData\\Local\\Temp\\rust_mozprofilefc7ENR"
*** You are running in headless mode.
JavaScript error: resource://gre/modules/XULStore.jsm, line 66: Error: Can't find profile directory.
1624504291640	Marionette	INFO	Listening on port 59791
1624504291667	Marionette	WARN	TLS certificate errors will be ignored for this session
1624504291779	geckodriver	INFO	Listening on 127.0.0.1:59810
1624504294807	mozrunner::runner	INFO	Running command: "C:\\Program Files (x86)\\Mozilla Firefox\\firefox.exe" "--marionette" "--headless" "-foreground" "-no-remote" "-profile" "C:\\Users\\ADMINI~1\\AppData\\Local\\Temp\\rust_mozprofilefsjkkT"
*** You are running in headless mode.
JavaScript error: resource://gre/modules/XULStore.jsm, line 66: Error: Can't find profile directory.
1624504296111	Marionette	INFO	Listening on port 59826
1624504296317	Marionette	WARN	TLS certificate errors will be ignored for this session
1624504296347	geckodriver	INFO	Listening on 127.0.0.1:59848
1624504299387	mozrunner::runner	INFO	Running command: "C:\\Program Files (x86)\\Mozilla Firefox\\firefox.exe" "--marionette" "--headless" "-foreground" "-no-remote" "-profile" "C:\\Users\\ADMINI~1\\AppData\\Local\\Temp\\rust_mozprofileNOMbfn"
*** You are running in headless mode.
JavaScript error: resource://gre/modules/XULStore.jsm, line 66: Error: Can't find profile directory.
1624504300664	Marionette	INFO	Listening on port 59864
1624504300898	Marionette	WARN	TLS certificate errors will be ignored for this session
1624504675142	geckodriver	INFO	Listening on 127.0.0.1:56847
1624504678196	mozrunner::runner	INFO	Running command: "C:\\Program Files (x86)\\Mozilla Firefox\\firefox.exe" "--marionette" "--headless" "-foreground" "-no-remote" "-profile" "C:\\Users\\ADMINI~1\\AppData\\Local\\Temp\\rust_mozprofilekdq0iT"
*** You are running in headless mode.
JavaScript error: resource://gre/modules/XULStore.jsm, line 66: Error: Can't find profile directory.
1624504679635	Marionette	INFO	Listening on port 56855
1624504679705	Marionette	WARN	TLS certificate errors will be ignored for this session
1624504679736	geckodriver	INFO	Listening on 127.0.0.1:56876
1624504682772	mozrunner::runner	INFO	Running command: "C:\\Program Files (x86)\\Mozilla Firefox\\firefox.exe" "--marionette" "--headless" "-foreground" "-no-remote" "-profile" "C:\\Users\\ADMINI~1\\AppData\\Local\\Temp\\rust_mozprofile7L5xX4"
*** You are running in headless mode.
JavaScript error: resource://gre/modules/XULStore.jsm, line 66: Error: Can't find profile directory.
1624504684133	Marionette	INFO	Listening on port 56889
1624504684282	Marionette	WARN	TLS certificate errors will be ignored for this session
1624504684313	geckodriver	INFO	Listening on 127.0.0.1:56912
1624504687348	mozrunner::runner	INFO	Running command: "C:\\Program Files (x86)\\Mozilla Firefox\\firefox.exe" "--marionette" "--headless" "-foreground" "-no-remote" "-profile" "C:\\Users\\ADMINI~1\\AppData\\Local\\Temp\\rust_mozprofilexA0omN"
*** You are running in headless mode.
JavaScript error: resource://gre/modules/XULStore.jsm, line 66: Error: Can't find profile directory.
1624504688621	Marionette	INFO	Listening on port 56926
1624504688859	Marionette	WARN	TLS certificate errors will be ignored for this session
1624627389419	geckodriver	INFO	Listening on 127.0.0.1:54453
1624627392469	mozrunner::runner	INFO	Running command: "C:\\Program Files (x86)\\Mozilla Firefox\\firefox.exe" "--marionette" "--headless" "-foreground" "-no-remote" "-profile" "C:\\Users\\ADMINI~1\\AppData\\Local\\Temp\\rust_mozprofilethK23Z"
*** You are running in headless mode.
JavaScript error: resource://gre/modules/XULStore.jsm, line 66: Error: Can't find profile directory.
1624627393843	Marionette	INFO	Listening on port 54462
1624627393978	Marionette	WARN	TLS certificate errors will be ignored for this session
1624627394009	geckodriver	INFO	Listening on 127.0.0.1:54484
1624627397056	mozrunner::runner	INFO	Running command: "C:\\Program Files (x86)\\Mozilla Firefox\\firefox.exe" "--marionette" "--headless" "-foreground" "-no-remote" "-profile" "C:\\Users\\ADMINI~1\\AppData\\Local\\Temp\\rust_mozprofilesKpx2J"
*** You are running in headless mode.
JavaScript error: resource://gre/modules/XULStore.jsm, line 66: Error: Can't find profile directory.
1624627398325	Marionette	INFO	Listening on port 54501
1624627398569	Marionette	WARN	TLS certificate errors will be ignored for this session
1624627398601	geckodriver	INFO	Listening on 127.0.0.1:54522
1624627401648	mozrunner::runner	INFO	Running command: "C:\\Program Files (x86)\\Mozilla Firefox\\firefox.exe" "--marionette" "--headless" "-foreground" "-no-remote" "-profile" "C:\\Users\\ADMINI~1\\AppData\\Local\\Temp\\rust_mozprofilebrtRHZ"
*** You are running in headless mode.
JavaScript error: resource://gre/modules/XULStore.jsm, line 66: Error: Can't find profile directory.
1624627402908	Marionette	INFO	Listening on port 54538
1624627403163	Marionette	WARN	TLS certificate errors will be ignored for this session
1624627467593	geckodriver	INFO	Listening on 127.0.0.1:54756
1624627470648	mozrunner::runner	INFO	Running command: "C:\\Program Files (x86)\\Mozilla Firefox\\firefox.exe" "--marionette" "--headless" "-foreground" "-no-remote" "-profile" "C:\\Users\\ADMINI~1\\AppData\\Local\\Temp\\rust_mozprofile72rbZf"
*** You are running in headless mode.
JavaScript error: resource://gre/modules/XULStore.jsm, line 66: Error: Can't find profile directory.
1624627471900	Marionette	INFO	Listening on port 54767
1624627472157	Marionette	WARN	TLS certificate errors will be ignored for this session
1624627472191	geckodriver	INFO	Listening on 127.0.0.1:54788
1624627475241	mozrunner::runner	INFO	Running command: "C:\\Program Files (x86)\\Mozilla Firefox\\firefox.exe" "--marionette" "--headless" "-foreground" "-no-remote" "-profile" "C:\\Users\\ADMINI~1\\AppData\\Local\\Temp\\rust_mozprofile5sNfo3"
*** You are running in headless mode.
JavaScript error: resource://gre/modules/XULStore.jsm, line 66: Error: Can't find profile directory.
1624627476499	Marionette	INFO	Listening on port 54803
1624627476751	Marionette	WARN	TLS certificate errors will be ignored for this session
1624627476782	geckodriver	INFO	Listening on 127.0.0.1:54828
1624627479835	mozrunner::runner	INFO	Running command: "C:\\Program Files (x86)\\Mozilla Firefox\\firefox.exe" "--marionette" "--headless" "-foreground" "-no-remote" "-profile" "C:\\Users\\ADMINI~1\\AppData\\Local\\Temp\\rust_mozprofileZFeK6Z"
*** You are running in headless mode.
JavaScript error: resource://gre/modules/XULStore.jsm, line 66: Error: Can't find profile directory.
1624627481158	Marionette	INFO	Listening on port 54841
1624627481342	Marionette	WARN	TLS certificate errors will be ignored for this session
1625628986148	geckodriver	INFO	Listening on 127.0.0.1:50737
1625628989193	mozrunner::runner	INFO	Running command: "C:\\Program Files (x86)\\Mozilla Firefox\\firefox.exe" "--marionette" "--headless" "-foreground" "-no-remote" "-profile" "C:\\Users\\ADMINI~1\\AppData\\Local\\Temp\\rust_mozprofileYKxdpw"
*** You are running in headless mode.
JavaScript error: resource://gre/modules/XULStore.jsm, line 66: Error: Can't find profile directory.
1625628991708	Marionette	INFO	Listening on port 50746
1625628991803	Marionette	WARN	TLS certificate errors will be ignored for this session
JavaScript error: , line 0: NS_ERROR_NOT_AVAILABLE
1625632009195	Marionette	INFO	Stopped listening on port 50746
C:\\Program Files (x86)\\Mozilla Firefox\\firefox.exe" "--marionette" "--headless" "-foreground" "-no-remote" "-profile" "C:\\Users\\ADMINI~1\\AppData\\Local\\Temp\\rust_mozprofileKCHM14"
*** You are running in headless mode.
JavaScript error: resource://gre/modules/XULStore.jsm, line 66: Error: Can't find profile directory.
1625628996266	Marionette	INFO	Listening on port 50791
1625628996380	Marionette	WARN	TLS certificate errors will be ignored for this session
JavaScript error: , line 0: NS_ERROR_NOT_AVAILABLE
1625631671752	Marionette	INFO	Stopped listening on port 50791
C:\\Program Files (x86)\\Mozilla Firefox\\firefox.exe" "--marionette" "--headless" "-foreground" "-no-remote" "-profile" "C:\\Users\\ADMINI~1\\AppData\\Local\\Temp\\rust_mozprofileqh4I1O"
*** You are running in headless mode.
JavaScript error: resource://gre/modules/XULStore.jsm, line 66: Error: Can't find profile directory.
1625629000767	Marionette	INFO	Listening on port 50827
1625629000956	Marionette	WARN	TLS certificate errors will be ignored for this session
JavaScript error: , line 0: NS_ERROR_NOT_AVAILABLE
1625631757993	Marionette	INFO	Stopped listening on port 50827
1625732728454	geckodriver	INFO	Listening on 127.0.0.1:52503
1625732731503	mozrunner::runner	INFO	Running command: "C:\\Program Files (x86)\\Mozilla Firefox\\firefox.exe" "--marionette" "--headless" "-foreground" "-no-remote" "-profile" "C:\\Users\\ADMINI~1\\AppData\\Local\\Temp\\rust_mozprofilepvYpzO"
*** You are running in headless mode.
JavaScript error: resource://gre/modules/XULStore.jsm, line 66: Error: Can't find profile directory.
1625732733516	Marionette	INFO	Listening on port 52511
1625732733613	Marionette	WARN	TLS certificate errors will be ignored for this session
JavaScript error: , line 0: NS_ERROR_NOT_AVAILABLE
1625735870233	Marionette	INFO	Stopped listening on port 52511
C:\\Program Files (x86)\\Mozilla Firefox\\firefox.exe" "--marionette" "--headless" "-foreground" "-no-remote" "-profile" "C:\\Users\\ADMINI~1\\AppData\\Local\\Temp\\rust_mozprofile6vNhaS"
*** You are running in headless mode.
JavaScript error: resource://gre/modules/XULStore.jsm, line 66: Error: Can't find profile directory.
1625732737975	Marionette	INFO	Listening on port 52550
1625732738198	Marionette	WARN	TLS certificate errors will be ignored for this session
JavaScript error: , line 0: NS_ERROR_NOT_AVAILABLE
1625735428706	Marionette	INFO	Stopped listening on port 52550
C:\\Program Files (x86)\\Mozilla Firefox\\firefox.exe" "--marionette" "--headless" "-foreground" "-no-remote" "-profile" "C:\\Users\\ADMINI~1\\AppData\\Local\\Temp\\rust_mozprofiledMaZ3Q"
*** You are running in headless mode.
JavaScript error: resource://gre/modules/XULStore.jsm, line 66: Error: Can't find profile directory.
1625732742573	Marionette	INFO	Listening on port 52589
1625732742778	Marionette	WARN	TLS certificate errors will be ignored for this session
JavaScript error: , line 0: NS_ERROR_NOT_AVAILABLE
1625735496102	Marionette	INFO	Stopped listening on port 52589
1626259304815	geckodriver	INFO	Listening on 127.0.0.1:57755
1626259307874	mozrunner::runner	INFO	Running command: "C:\\Program Files (x86)\\Mozilla Firefox\\firefox.exe" "--marionette" "--headless" "-foreground" "-no-remote" "-profile" "C:\\Users\\ADMINI~1\\AppData\\Local\\Temp\\rust_mozprofileWw8Cjn"
*** You are running in headless mode.
JavaScript error: resource://gre/modules/XULStore.jsm, line 66: Error: Can't find profile directory.
1626259310278	Marionette	INFO	Listening on port 50648
1626259310537	Marionette	WARN	TLS certificate errors will be ignored for this session
JavaScript error: , line 0: NS_ERROR_NOT_AVAILABLE
1626262194064	Marionette	INFO	Stopped listening on port 50648
C:\\Program Files (x86)\\Mozilla Firefox\\firefox.exe" "--marionette" "--headless" "-foreground" "-no-remote" "-profile" "C:\\Users\\ADMINI~1\\AppData\\Local\\Temp\\rust_mozprofilexSKZFS"
*** You are running in headless mode.
JavaScript error: resource://gre/modules/XULStore.jsm, line 66: Error: Can't find profile directory.
1626259320560	Marionette	INFO	Listening on port 55226
1626259320703	Marionette	WARN	TLS certificate errors will be ignored for this session
JavaScript error: , line 0: NS_ERROR_NOT_AVAILABLE
1626261742968	Marionette	INFO	Stopped listening on port 55226
C:\\Program Files (x86)\\Mozilla Firefox\\firefox.exe" "--marionette" "--headless" "-foreground" "-no-remote" "-profile" "C:\\Users\\ADMINI~1\\AppData\\Local\\Temp\\rust_mozprofilewOxp1R"
*** You are running in headless mode.
JavaScript error: resource://gre/modules/XULStore.jsm, line 66: Error: Can't find profile directory.
1626259325108	Marionette	INFO	Listening on port 57820
1626259325292	Marionette	WARN	TLS certificate errors will be ignored for this session
JavaScript error: , line 0: NS_ERROR_NOT_AVAILABLE
1626261832962	Marionette	INFO	Stopped listening on port 57820
